0 info it worked if it ends with ok
1 verbose cli [ '/usr/bin/node', '/usr/bin/npm', 'start' ]
2 info using npm@3.5.2
3 info using node@v8.10.0
4 verbose run-script [ 'prestart', 'start', 'poststart' ]
5 info lifecycle nanoblast@0.0.1~prestart: nanoblast@0.0.1
6 silly lifecycle nanoblast@0.0.1~prestart: no script for prestart, continuing
7 info lifecycle nanoblast@0.0.1~start: nanoblast@0.0.1
8 verbose lifecycle nanoblast@0.0.1~start: unsafe-perm in lifecycle true
9 verbose lifecycle nanoblast@0.0.1~start: PATH: /usr/share/npm/bin/node-gyp-bin:/home/lee/projects/bab-webserver/node_modules/.bin:/usr/local/sbin:/usr/local/bin:/usr/sbin:/usr/bin:/sbin:/bin:/usr/games:/usr/local/games:/mnt/c/Program Files (x86)/Common Files/Intel/Shared Libraries/redist/intel64/compiler:/mnt/c/Program Files (x86)/Razer Chroma SDK/bin:/mnt/c/Program Files/Razer Chroma SDK/bin:/mnt/c/Program Files (x86)/Razer/ChromaBroadcast/bin:/mnt/c/Program Files/Razer/ChromaBroadcast/bin:/mnt/c/Program Files (x86)/Common Files/Oracle/Java/javapath:/mnt/c/Program Files (x86)/Intel/iCLS Client/:/mnt/c/Program Files/Intel/iCLS Client/:/mnt/c/Windows/system32:/mnt/c/Windows:/mnt/c/Windows/System32/Wbem:/mnt/c/Windows/System32/WindowsPowerShell/v1.0/:/mnt/c/Program Files (x86)/Intel/Intel(R) Management Engine Components/DAL:/mnt/c/Program Files/Intel/Intel(R) Management Engine Components/DAL:/mnt/c/Program Files (x86)/Intel/Intel(R) Management Engine Components/IPT:/mnt/c/Program Files/Intel/Intel(R) Management Engine Components/IPT:/mnt/c/Program Files (x86)/NVIDIA Corporation/PhysX/Common:/mnt/c/Program Files/NVIDIA Corporation/NVIDIA NvDLISR:/mnt/c/Program Files/dotnet/:/mnt/c/WINDOWS/system32:/mnt/c/WINDOWS:/mnt/c/WINDOWS/System32/Wbem:/mnt/c/WINDOWS/System32/WindowsPowerShell/v1.0/:/mnt/c/WINDOWS/System32/OpenSSH/:/mnt/c/WINDOWS/system32/config/systemprofile/AppData/Local/Microsoft/WindowsApps:/mnt/c/Program Files/Git/cmd:/mnt/c/Program Files/PuTTY/:/mnt/c/Program Files/PowerShell/7-preview/preview:/mnt/c/Program Files/Docker/Docker/resources/bin:/mnt/c/ProgramData/DockerDesktop/version-bin:/mnt/c/Program Files/DMD Extensions/:/mnt/c/Program Files (x86)/Touch Portal/plugins/adb/platform-tools:/mnt/c/Program Files (x86)/Streamlink/bin:/mnt/c/WINDOWS/system32:/mnt/c/WINDOWS:/mnt/c/WINDOWS/System32/Wbem:/mnt/c/WINDOWS/System32/WindowsPowerShell/v1.0/:/mnt/c/WINDOWS/System32/OpenSSH/:/mnt/c/Program Files/PowerShell/7/:/mnt/c/Users/Lee/AppData/Local/Microsoft/WindowsApps:/mnt/c/Users/Lee/AppData/Local/Programs/Microsoft VS Code/bin:/mnt/c/Users/Lee/AppData/Local/GitHubDesktop/bin:/mnt/c/Users/Lee/AppData/Local/Microsoft/WindowsApps
10 verbose lifecycle nanoblast@0.0.1~start: CWD: /home/lee/projects/bab-webserver
11 silly lifecycle nanoblast@0.0.1~start: Args: [ '-c', 'node server/index' ]
12 silly lifecycle nanoblast@0.0.1~start: Returned: code: 1  signal: null
13 info lifecycle nanoblast@0.0.1~start: Failed to exec start script
14 verbose stack Error: nanoblast@0.0.1 start: `node server/index`
14 verbose stack Exit status 1
14 verbose stack     at EventEmitter.<anonymous> (/usr/share/npm/lib/utils/lifecycle.js:232:16)
14 verbose stack     at emitTwo (events.js:126:13)
14 verbose stack     at EventEmitter.emit (events.js:214:7)
14 verbose stack     at ChildProcess.<anonymous> (/usr/share/npm/lib/utils/spawn.js:24:14)
14 verbose stack     at emitTwo (events.js:126:13)
14 verbose stack     at ChildProcess.emit (events.js:214:7)
14 verbose stack     at maybeClose (internal/child_process.js:925:16)
14 verbose stack     at Process.ChildProcess._handle.onexit (internal/child_process.js:209:5)
15 verbose pkgid nanoblast@0.0.1
16 verbose cwd /home/lee/projects/bab-webserver
17 error Linux 5.4.72-microsoft-standard-WSL2
18 error argv "/usr/bin/node" "/usr/bin/npm" "start"
19 error node v8.10.0
20 error npm  v3.5.2
21 error code ELIFECYCLE
22 error nanoblast@0.0.1 start: `node server/index`
22 error Exit status 1
23 error Failed at the nanoblast@0.0.1 start script 'node server/index'.
23 error Make sure you have the latest version of node.js and npm installed.
23 error If you do, this is most likely a problem with the nanoblast package,
23 error not with npm itself.
23 error Tell the author that this fails on your system:
23 error     node server/index
23 error You can get information on how to open an issue for this project with:
23 error     npm bugs nanoblast
23 error Or if that isn't available, you can get their info via:
23 error     npm owner ls nanoblast
23 error There is likely additional logging output above.
24 verbose exit [ 1, true ]
